<?xml version="1.0" encoding="UTF-8"?>
<testng-results skipped="0" failed="0" total="1" passed="1">
  <reporter-output>
  </reporter-output>
  <suite name="Default suite" duration-ms="22129" started-at="2019-07-18T08:17:56Z" finished-at="2019-07-18T08:18:18Z">
    <groups>
    </groups>
    <test name="Default test" duration-ms="22129" started-at="2019-07-18T08:17:56Z" finished-at="2019-07-18T08:18:18Z">
      <class name="driverfactory.DriverScript">
        <test-method status="PASS" signature="starttest()[pri:0, instance:driverfactory.DriverScript@2fc14f68]" name="starttest" duration-ms="22090" started-at="2019-07-18T13:47:56Z" finished-at="2019-07-18T13:48:18Z">
          <reporter-output>
          </reporter-output>
        </test-method> <!-- starttest -->
      </class> <!-- driverfactory.DriverScript -->
    </test> <!-- Default test -->
  </suite> <!-- Default suite -->
</testng-results>
